#
# A fatal error has been detected by the Java Runtime Environment:
#
#  EXCEPTION_ACCESS_VIOLATION (0xc0000005) at pc=0x0000000056f524cf, pid=1156, tid=0x0000000000001f38
#
# JRE version: Java(TM) SE Runtime Environment (8.0_181-b13) (build 1.8.0_181-b13)
# Java VM: Java HotSpot(TM) 64-Bit Server VM (25.181-b13 mixed mode windows-amd64 compressed oops)
# Problematic frame:
# V  [jvm.dll+0xc24cf]
#
# Failed to write core dump. Minidumps are not enabled by default on client versions of Windows
#
# If you would like to submit a bug report, please visit:
#   http://bugreport.java.com/bugreport/crash.jsp
#

---------------  T H R E A D  ---------------

Current thread (0x0000000004b93800):  JavaThread "main" [_thread_in_vm, id=7992, stack(0x00000000048b0000,0x00000000049b0000)]

siginfo: ExceptionCode=0xc0000005, reading address 0x0000000000000050

Registers:
RAX=0x0000000004c818d0, RBX=0x00000000048a7f40, RCX=0x0000000000000009, RDX=0x000000000000000a
RSP=0x00000000049af130, RBP=0x0000000004b93800, RSI=0x0000000004b93800, RDI=0x0000000000000030
R8 =0x000000000000000a, R9 =0x00000000048a7f40, R10=0x0000000056e90000, R11=0x0000000004bb0fa0
R12=0x000000000000000d, R13=0x00000000049af210, R14=0x0000000000000001, R15=0x00000000049af3e0
RIP=0x0000000056f524cf, EFLAGS=0x0000000000010202

Top of Stack: (sp=0x00000000049af130)
0x00000000049af130:   0000000000000002 000000001e274ee0
0x00000000049af140:   000000001e274ee0 00000000570a77ad
0x00000000049af150:   0000000000000078 0000000004b93901
0x00000000049af160:   0000040fa24e0875 000000001e272150
0x00000000049af170:   0000000004b92160 00000000570ae362
0x00000000049af180:   0000000000000000 0000000000000000
0x00000000049af190:   00000000049af3e0 00000000048a7f40
0x00000000049af1a0:   0000000004bdc660 0000000004bda940
0x00000000049af1b0:   00000000049af2b0 0000000056f53b37
0x00000000049af1c0:   000000001d9eccf0 0000000004b93800
0x00000000049af1d0:   00000007c0023438 0000000004b93800
0x00000000049af1e0:   00000007c0061c90 0000000000000001
0x00000000049af1f0:   0000000004b93800 0000000004b93800
0x00000000049af200:   000000001d9eccf0 0000000004b93800
0x00000000049af210:   000000001d9eccf0 0000000004b93800
0x00000000049af220:   00000007c0061c90 00000007c0023438 

Instructions: (pc=0x0000000056f524cf)
0x0000000056f524af:   f8 48 89 44 0a f0 45 3b 01 7c e6 41 ff 09 48 85
0x0000000056f524bf:   ff 0f 84 7c 02 00 00 45 84 f6 0f 84 23 01 00 00
0x0000000056f524cf:   8b 47 20 c1 e8 0a a8 01 0f 84 15 01 00 00 4c 8b
0x0000000056f524df:   a5 30 01 00 00 48 8b 1d 1d 8e 73 00 49 8b 44 24 


Register to memory mapping:

RAX=0x0000000004c818d0 is an unknown value
RBX=0x00000000048a7f40 is an unknown value
RCX=0x0000000000000009 is an unknown value
RDX=0x000000000000000a is an unknown value
RSP=0x00000000049af130 is pointing into the stack for thread: 0x0000000004b93800
RBP=0x0000000004b93800 is a thread
RSI=0x0000000004b93800 is a thread
RDI=0x0000000000000030 is an unknown value
R8 =0x000000000000000a is an unknown value
R9 =0x00000000048a7f40 is an unknown value
R10=0x0000000056e90000 is an unknown value
R11=0x0000000004bb0fa0 is an unknown value
R12=0x000000000000000d is an unknown value
R13=0x00000000049af210 is pointing into the stack for thread: 0x0000000004b93800
R14=0x0000000000000001 is an unknown value
R15=0x00000000049af3e0 is pointing into the stack for thread: 0x0000000004b93800


Stack: [0x00000000048b0000,0x00000000049b0000],  sp=0x00000000049af130,  free space=1020k
Native frames: (J=compiled Java code, j=interpreted, Vv=VM code, C=native code)
V  [jvm.dll+0xc24cf]
V  [jvm.dll+0xc3b37]
V  [jvm.dll+0xc44ba]
V  [jvm.dll+0xc4b17]
